Build started 9/7/2012 3:08:16 PM.
     1>Project "E:\Visual Studio 2010\Projects\allegro_framework_3\allegro_framework_3\allegro_framework_3.vcxproj" on node 2 (build target(s)).
     1>InitializeBuildStatus:
         Creating "Debug\allegro_framework_3.unsuccessfulbuild" because "AlwaysCreate" was specified.
       ClCompile:
         e:\Program Files (x86)\Microsoft Visual Studio 10.0\VC\bin\CL.exe /c /ZI /nologo /W3 /WX- /Od /Oy- /D _DEBUG /D _MBCS /Gm /EHsc /RTC1 /MDd /GS /fp:precise /Zc:wchar_t /Zc:forScope /Fo"Debug\\" /Fd"Debug\vc100.pdb" /Gd /TP /analyze- /errorReport:prompt PositionComponent.cpp RenderComponent.cpp main.cpp
         main.cpp
         RenderComponent.cpp
         PositionComponent.cpp
         Generating Code...
       Link:
         e:\Program Files (x86)\Microsoft Visual Studio 10.0\VC\bin\link.exe /ERRORREPORT:PROMPT /OUT:"E:\Visual Studio 2010\Projects\allegro_framework_3\Debug\allegro_framework_3.exe" /NOLOGO "allegro-5.0.6-monolith-md-debug.lib" kernel32.lib user32.lib gdi32.lib winspool.lib comdlg32.lib advapi32.lib shell32.lib ole32.lib oleaut32.lib uuid.lib odbc32.lib odbccp32.lib /MANIFEST /ManifestFile:"Debug\allegro_framework_3.exe.intermediate.manifest" /MANIFESTUAC:"level='asInvoker' uiAccess='false'" /DEBUG /PDB:"E:\Visual Studio 2010\Projects\allegro_framework_3\Debug\allegro_framework_3.pdb" /TLBID:1 /DYNAMICBASE /NXCOMPAT /IMPLIB:"E:\Visual Studio 2010\Projects\allegro_framework_3\Debug\allegro_framework_3.lib" /MACHINE:X86 Debug\AllegroEventSystem.obj
         Debug\AllegroMainSystem.obj
         Debug\BaseComponent.obj
         Debug\Entity.obj
         Debug\main.obj
         Debug\PositionComponent.obj
         Debug\RenderComponent.obj
         Debug\World.obj
         LINK : E:\Visual Studio 2010\Projects\allegro_framework_3\Debug\allegro_framework_3.exe not found or not built by the last incremental link; performing full link
         allegro_framework_3.vcxproj -> E:\Visual Studio 2010\Projects\allegro_framework_3\Debug\allegro_framework_3.exe
       Manifest:
         C:\Program Files (x86)\Microsoft SDKs\Windows\v7.0A\bin\mt.exe /nologo /verbose /outputresource:"E:\Visual Studio 2010\Projects\allegro_framework_3\Debug\allegro_framework_3.exe;#1" /manifest Debug\allegro_framework_3.exe.intermediate.manifest
       FinalizeBuildStatus:
         Deleting file "Debug\allegro_framework_3.unsuccessfulbuild".
         Touching "Debug\allegro_framework_3.lastbuildstate".
     1>Done Building Project "E:\Visual Studio 2010\Projects\allegro_framework_3\allegro_framework_3\allegro_framework_3.vcxproj" (build target(s)).

Build succeeded.

Time Elapsed 00:00:06.87
